app/build/outputs/logs/manifest-merger-debug-report.txt
-- Merging decision tree log ---
manifest
ADDED from src\main\AndroidManifest.xml:22:1-3248:12
	package
		ADDED from src\main\AndroidManifest.xml:23:5-39
		INJECTED from src\main\AndroidManifest.xml
		INJECTED from src\main\AndroidManifest.xml
	xmlns:android
		ADDED from src\main\AndroidManifest.xml:22:11-69
	android:installLocation
		ADDED from src\main\AndroidManifest.xml:24:5-35
uses-permission#android.permission.READ_CONTACTS
ADDED from src\main\AndroidManifest.xml:26:5-72
	android:name
		ADDED from src\main\AndroidManifest.xml:26:22-69
uses-permission#android.permission.WRITE_CONTACTS
ADDED from src\main\AndroidManifest.xml:27:5-73
	android:name
		ADDED from src\main\AndroidManifest.xml:27:22-70
uses-permission#android.permission.VIBRATE
ADDED from src\main\AndroidManifest.xml:28:5-66
	android:name
		ADDED from src\main\AndroidManifest.xml:28:22-63
uses-permission#android.permission.ACCESS_COARSE_LOCATION
ADDED from src\main\AndroidManifest.xml:29:5-81
	android:name
		ADDED from src\main\AndroidManifest.xml:29:22-78
uses-permission#android.permission.INTERNET
ADDED from src\main\AndroidManifest.xml:30:5-67
	android:name
		ADDED from src\main\AndroidManifest.xml:30:22-64
uses-permission#android.permission.SET_WALLPAPER
ADDED from src\main\AndroidManifest.xml:31:5-72
	android:name
		ADDED from src\main\AndroidManifest.xml:31:22-69
uses-permission#android.permission.WRITE_EXTERNAL_STORAGE
ADDED from src\main\AndroidManifest.xml:32:5-81
	android:name
		ADDED from src\main\AndroidManifest.xml:32:22-78
uses-permission#android.permission.SEND_SMS
ADDED from src\main\AndroidManifest.xml:33:5-67
	android:name
		ADDED from src\main\AndroidManifest.xml:33:22-64
uses-permission#android.permission.RECEIVE_SMS
ADDED from src\main\AndroidManifest.xml:34:5-70
	android:name
		ADDED from src\main\AndroidManifest.xml:34:22-67
uses-permission#android.permission.RECEIVE_MMS
ADDED from src\main\AndroidManifest.xml:35:5-69
	android:name
		ADDED from src\main\AndroidManifest.xml:35:22-67
uses-permission#android.permission.WRITE_SMS
ADDED from src\main\AndroidManifest.xml:36:5-67
	android:name
		ADDED from src\main\AndroidManifest.xml:36:22-65
uses-permission#android.permission.READ_SMS
ADDED from src\main\AndroidManifest.xml:37:5-66
	android:name
		ADDED from src\main\AndroidManifest.xml:37:22-64
uses-permission#android.permission.NFC
ADDED from src\main\AndroidManifest.xml:38:5-62
	android:name
		ADDED from src\main\AndroidManifest.xml:38:22-59
uses-permission#android.permission.TRANSMIT_IR
ADDED from src\main\AndroidManifest.xml:39:5-70
	android:name
		ADDED from src\main\AndroidManifest.xml:39:22-67
uses-permission#android.permission.READ_PHONE_STATE
ADDED from src\main\AndroidManifest.xml:40:5-74
	android:name
		ADDED from src\main\AndroidManifest.xml:40:22-72
uses-permission#android.permission.WAKE_LOCK
ADDED from src\main\AndroidManifest.xml:41:5-67
	android:name
		ADDED from src\main\AndroidManifest.xml:41:22-65
uses-permission#android.permission.RECORD_AUDIO
ADDED from src\main\AndroidManifest.xml:45:5-71
	android:name
		ADDED from src\main\AndroidManifest.xml:45:22-68
uses-permission#android.permission.CAMERA
ADDED from src\main\AndroidManifest.xml:49:5-65
	android:name
		ADDED from src\main\AndroidManifest.xml:49:22-62
uses-feature#android.hardware.camera
ADDED from src\main\AndroidManifest.xml:50:5-60
	android:name
		ADDED from src\main\AndroidManifest.xml:50:19-57
uses-feature#android.hardware.camera.autofocus
ADDED from src\main\AndroidManifest.xml:51:5-95
	android:required
		ADDED from src\main\AndroidManifest.xml:51:68-92
	android:name
		ADDED from src\main\AndroidManifest.xml:51:19-67
uses-sdk
ADDED from src\main\AndroidManifest.xml:53:5-74
MERGED from [com.android.support:support-v4:25.0.0] AndroidManifest.xml:21:5-23:54
MERGED from [com.android.support:support-fragment:25.0.0] AndroidManifest.xml:21:5-23:60
MERGED from [com.android.support:support-media-compat:25.0.0] AndroidManifest.xml:21:5-23:63
MERGED from [com.android.support:support-core-ui:25.0.0] AndroidManifest.xml:21:5-23:58
MERGED from [com.android.support:support-core-utils:25.0.0] AndroidManifest.xml:21:5-23:61
MERGED from [com.android.support:support-compat:25.0.0] AndroidManifest.xml:21:5-23:58
	tools:overrideLibrary
		ADDED from [com.android.support:support-v4:25.0.0] AndroidManifest.xml:23:9-51
	android:targetSdkVersion
		ADDED from src\main\AndroidManifest.xml:53:42-71
		INJECTED from src\main\AndroidManifest.xml
		INJECTED from src\main\AndroidManifest.xml
	android:minSdkVersion
		ADDED from src\main\AndroidManifest.xml:53:15-41
		INJECTED from src\main\AndroidManifest.xml
		INJECTED from src\main\AndroidManifest.xml
application
ADDED from src\main\AndroidManifest.xml:55:5-3242:19
MERGED from [com.android.support:support-v4:25.0.0] AndroidManifest.xml:25:5-20
MERGED from [com.android.support:support-fragment:25.0.0] AndroidManifest.xml:25:5-20
MERGED from [com.android.support:support-media-compat:25.0.0] AndroidManifest.xml:25:5-20
MERGED from [com.android.support:support-core-ui:25.0.0] AndroidManifest.xml:25:5-20
MERGED from [com.android.support:support-core-utils:25.0.0] AndroidManifest.xml:25:5-20
MERGED from [com.android.support:support-compat:25.0.0] AndroidManifest.xml:25:5-20
	android:label
		ADDED from src\main\AndroidManifest.xml:56:13-57
	android:supportsRtl
		ADDED from src\main\AndroidManifest.xml:59:13-39
	android:hardwareAccelerated
		ADDED from src\main\AndroidManifest.xml:58:13-47
	android:icon
		ADDED from src\main\AndroidManifest.xml:57:13-53
	android:theme
		ADDED from src\main\AndroidManifest.xml:60:13-78
	android:name
		ADDED from src\main\AndroidManifest.xml:55:18-52
uses-library#com.example.will.never.exist
ADDED from src\main\AndroidManifest.xml:64:9-94
	android:required
		ADDED from src\main\AndroidManifest.xml:64:67-91
	android:name
		ADDED from src\main\AndroidManifest.xml:64:23-66
activity#com.example.android.apis.ApiDemos
ADDED from src\main\AndroidManifest.xml:66:9-72:20
	android:name
		ADDED from src\main\AndroidManifest.xml:66:19-42
intent-filter#android.intent.action.MAIN+android.intent.category.DEFAULT+android.intent.category.LAUNCHER
ADDED from src\main\AndroidManifest.xml:67:13-71:29
action#android.intent.action.MAIN
ADDED from src\main\AndroidManifest.xml:68:17-69
	android:name
		ADDED from src\main\AndroidManifest.xml:68:25-66
category#android.intent.category.DEFAULT
ADDED from src\main\AndroidManifest.xml:69:17-76
	android:name
		ADDED from src\main\AndroidManifest.xml:69:27-73
category#android.intent.category.LAUNCHER
ADDED from src\main\AndroidManifest.xml:70:17-77
	android:name
		ADDED from src\main\AndroidManifest.xml:70:27-74
activity#com.example.android.apis.app.HelloWorld
ADDED from src\main\AndroidManifest.xml:80:9-85:20
	android:label
		ADDED from src\main\AndroidManifest.xml:80:50-94
	android:name
		ADDED from src\main\AndroidManifest.xml:80:19-49
intent-filter#android.intent.action.MAIN+android.intent.category.SAMPLE_CODE
ADDED from src\main\AndroidManifest.xml:81:13-84:29
category#android.intent.category.SAMPLE_CODE
ADDED from src\main\AndroidManifest.xml:83:17-80
	android:name
		ADDED from src\main\AndroidManifest.xml:83:27-77
activity#com.example.android.apis.app.DialogActivity
ADDED from src\main\AndroidManifest.xml:87:9-94:20
	android:label
		ADDED from src\main\AndroidManifest.xml:88:17-56
	android:theme
		ADDED from src\main\AndroidManifest.xml:89:17-58
	android:name
		ADDED from src\main\AndroidManifest.xml:87:19-53
activity#com.example.android.apis.app.CustomDialogActivity
ADDED from src\main\AndroidManifest.xml:96:9-103:20
	android:label
		ADDED from src\main\AndroidManifest.xml:97:17-63
	android:theme
		ADDED from src\main\AndroidManifest.xml:98:17-58
	android:name
		ADDED from src\main\AndroidManifest.xml:96:19-59
activity#com.example.android.apis.app.OverscanActivity
ADDED from src\main\AndroidManifest.xml:105:9-113:20
	android:enabled
		ADDED from src\main\AndroidManifest.xml:108:17-60
	android:label
		ADDED from src\main\AndroidManifest.xml:106:17-58
	android:theme
		ADDED from src\main\AndroidManifest.xml:107:17-79
	android:name
		ADDED from src\main\AndroidManifest.xml:105:19-55
activity#com.example.android.apis.app.QuickContactsDemo
ADDED from src\main\AndroidManifest.xml:115:8-121:20
	android:label
		ADDED from src\main\AndroidManifest.xml:116:17-60
	android:name
		ADDED from src\main\AndroidManifest.xml:115:18-55
activity#com.example.android.apis.app.WallpaperActivity
ADDED from src\main\AndroidManifest.xml:123:9-130:20
	android:label
		ADDED from src\main\AndroidManifest.xml:124:17-59
	android:theme
		ADDED from src\main\AndroidManifest.xml:125:17-55
	android:name
		ADDED from src\main\AndroidManifest.xml:123:19-56
activity#com.example.android.apis.app.TranslucentActivity
ADDED from src\main\AndroidManifest.xml:132:9-139:20
	android:label
		ADDED from src\main\AndroidManifest.xml:133:17-61
	android:theme
		ADDED from src\main\AndroidManifest.xml:134:17-57
	android:name
		ADDED from src\main\AndroidManifest.xml:132:19-58
activity#com.example.android.apis.app.TranslucentBlurActivity
ADDED from src\main\AndroidManifest.xml:141:9-148:20
	android:label
		ADDED from src\main\AndroidManifest.xml:142:17-66
	android:theme
		ADDED from src\main\AndroidManifest.xml:143:17-57
	android:name
		ADDED from src\main\AndroidManifest.xml:141:19-62
activity#com.example.android.apis.app.Animation
ADDED from src\main\AndroidManifest.xml:150:9-155:20
	android:label
		ADDED from src\main\AndroidManifest.xml:150:49-91
	android:name
		ADDED from src\main\AndroidManifest.xml:150:19-48
activity#com.example.android.apis.app.SaveRestoreState
ADDED from src\main\AndroidManifest.xml:157:9-164:20
	android:label
		ADDED from src\main\AndroidManifest.xml:158:17-62
	android:windowSoftInputMode
		ADDED from src\main\AndroidManifest.xml:159:17-72
	android:name
		ADDED from src\main\AndroidManifest.xml:157:19-55
activity#com.example.android.apis.app.PersistentState
ADDED from src\main\AndroidManifest.xml:166:9-173:20
	android:label
		ADDED from src\main\AndroidManifest.xml:167:17-60
	android:windowSoftInputMode
		ADDED from src\main\AndroidManifest.xml:168:17-72
	android:name
		ADDED from src\main\AndroidManifest.xml:166:19-54
activity#com.example.android.apis.app.ActivityRecreate
ADDED from src\main\AndroidManifest.xml:175:9-182:20
	android:enabled
		ADDED from src\main\AndroidManifest.xml:177:17-57
	android:label
		ADDED from src\main\AndroidManifest.xml:176:17-58
	android:name
		ADDED from src\main\AndroidManifest.xml:175:19-55
activity#com.example.android.apis.app.FinishAffinity
ADDED from src\main\AndroidManifest.xml:184:9-192:20
	android:enabled
		ADDED from src\main\AndroidManifest.xml:187:17-57
	android:label
		ADDED from src\main\AndroidManifest.xml:185:17-65
	android:taskAffinity
		ADDED from src\main\AndroidManifest.xml:186:17-50
	android:name
		ADDED from src\main\AndroidManifest.xml:184:19-53
activity#com.example.android.apis.app.SoftInputModes
ADDED from src\main\AndroidManifest.xml:194:9-200:20
	android:label
		ADDED from src\main\AndroidManifest.xml:195:17-57
	android:name
		ADDED from src\main\AndroidManifest.xml:194:19-53
activity#com.example.android.apis.app.ReceiveResult
ADDED from src\main\AndroidManifest.xml:202:9-207:20
	android:label
		ADDED from src\main\AndroidManifest.xml:202:53-100
	android:name
		ADDED from src\main\AndroidManifest.xml:202:19-52
activity#com.example.android.apis.app.SendResult
ADDED from src\main\AndroidManifest.xml:209:9-211:20
	android:theme
		ADDED from src\main\AndroidManifest.xml:210:17-60
	android:name
		ADDED from src\main\AndroidManifest.xml:209:19-49
activity#com.example.android.apis.app.Forwarding
ADDED from src\main\AndroidManifest.xml:213:9-218:20
	android:label
		ADDED from src\main\AndroidManifest.xml:213:50-93
	android:name
		ADDED from src\main\AndroidManifest.xml:213:19-49
activity#com.example.android.apis.app.ForwardTarget
ADDED from src\main\AndroidManifest.xml:220:9-221:20
	android:name
		ADDED from src\main\AndroidManifest.xml:220:19-52
activity#com.example.android.apis.app.RedirectEnter
ADDED from src\main\AndroidManifest.xml:223:9-228:20
	android:label
		ADDED from src\main\AndroidManifest.xml:223:53-94
	android:name
		ADDED from src\main\AndroidManifest.xml:223:19-52
activity#com.example.android.apis.app.RedirectMain
ADDED from src\main\AndroidManifest.xml:230:9-231:20
	android:name
		ADDED from src\main\AndroidManifest.xml:230:19-51
activity#com.example.android.apis.app.RedirectGetter
ADDED from src\main\AndroidManifest.xml:233:9-234:20
	android:name
		ADDED from src\main\AndroidManifest.xml:233:19-53
activity#com.example.android.apis.app.CustomTitle
ADDED from src\main\AndroidManifest.xml:238:9-246:20
	android:label
		ADDED from src\main\AndroidManifest.xml:239:17-62
	android:windowSoftInputMode
		ADDED from src\main\AndroidManifest.xml:240:17-69
	android:theme
		ADDED from src\main\AndroidManifest.xml:241:17-53
	android:name
		ADDED from src\main\AndroidManifest.xml:238:19-50
activity#com.example.android.apis.app.ReorderOnLaunch
ADDED from src\main\AndroidManifest.xml:248:9-254:20
	android:label
		ADDED from src\main\AndroidManifest.xml:249:17-57
	android:name
		ADDED from src\main\AndroidManifest.xml:248:19-54
activity#com.example.android.apis.app.RotationAnimation
ADDED from src\main\AndroidManifest.xml:256:9-262:20
	android:label
		ADDED from src\main\AndroidManifest.xml:257:17-68
	android:name
		ADDED from src\main\AndroidManifest.xml:256:19-56
activity#com.example.android.apis.app.ReorderTwo
ADDED from src\main\AndroidManifest.xml:264:9-52
	android:name
		ADDED from src\main\AndroidManifest.xml:264:19-49
activity#com.example.android.apis.app.ReorderThree
ADDED from src\main\AndroidManifest.xml:265:9-54
	android:name
		ADDED from src\main\AndroidManifest.xml:265:19-51
activity#com.example.android.apis.app.ReorderFour
ADDED from src\main\AndroidManifest.xml:266:9-53
	android:name
		ADDED from src\main\AndroidManifest.xml:266:19-50
activity#com.example.android.apis.app.SetWallpaperActivity
ADDED from src\main\AndroidManifest.xml:268:9-274:20
	android:label
		ADDED from src\main\AndroidManifest.xml:269:19-64
	android:name
		ADDED from src\main\AndroidManifest.xml:268:19-59
activity#com.example.android.apis.app.ScreenOrientation
ADDED from src\main\AndroidManifest.xml:276:9-282:20
	android:label
		ADDED from src\main\AndroidManifest.xml:277:19-70
	android:name
		ADDED from src\main\AndroidManifest.xml:276:19-56
activity#com.example.android.apis.app.PresentationActivity
ADDED from src\main\AndroidManifest.xml:284:9-290:20
	android:label
		ADDED from src\main\AndroidManifest.xml:285:17-62
	android:name
		ADDED from src\main\AndroidManifest.xml:284:19-59
activity#com.example.android.apis.app.PresentationWithMediaRouterActivity
ADDED from src\main\AndroidManifest.xml:292:9-298:20
	android:label
		ADDED from src\main\AndroidManifest.xml:293:17-80
	android:name
		ADDED from src\main\AndroidManifest.xml:292:19-74
activity#com.example.android.apis.app.SecureWindowActivity
ADDED from src\main\AndroidManifest.xml:300:9-306:20
	android:label
		ADDED from src\main\AndroidManifest.xml:301:17-63
	android:name
		ADDED from src\main\AndroidManifest.xml:300:19-59
activity#com.example.android.apis.app.SecureDialogActivity
ADDED from src\main\AndroidManifest.xml:308:9-314:20
	android:label
		ADDED from src\main\AndroidManifest.xml:309:17-63
	android:name
		ADDED from src\main\AndroidManifest.xml:308:19-59
activity#com.example.android.apis.app.SecureSurfaceViewActivity
ADDED from src\main\AndroidManifest.xml:316:9-322:20
	android:label
		ADDED from src\main\AndroidManifest.xml:317:17-69
	android:name
		ADDED from src\main\AndroidManifest.xml:316:19-64
activity#com.example.android.apis.app.FragmentAlertDialog
ADDED from src\main\AndroidManifest.xml:326:9-333:20
	android:enabled
		ADDED from src\main\AndroidManifest.xml:328:17-57
	android:label
		ADDED from src\main\AndroidManifest.xml:327:17-62
	android:name
		ADDED from src\main\AndroidManifest.xml:326:19-58
activity#com.example.android.apis.app.FragmentArguments
ADDED from src\main\AndroidManifest.xml:335:9-342:20
	android:enabled
		ADDED from src\main\AndroidManifest.xml:337:17-57
	android:label
		ADDED from src\main\AndroidManifest.xml:336:17-59
	android:name
		ADDED from src\main\AndroidManifest.xml:335:19-56
activity#com.example.android.apis.app.FragmentCustomAnimations
ADDED from src\main\AndroidManifest.xml:344:9-351:20
	android:enabled
		ADDED from src\main\AndroidManifest.xml:346:17-60
	android:label
		ADDED from src\main\AndroidManifest.xml:345:17-67
	android:name
		ADDED from src\main\AndroidManifest.xml:344:19-63
activity#com.example.android.apis.app.FragmentHideShow
ADDED from src\main\AndroidManifest.xml:353:9-361:20
	android:enabled
		ADDED from src\main\AndroidManifest.xml:356:17-57
	android:label
		ADDED from src\main\AndroidManifest.xml:354:17-59
	android:windowSoftInputMode
		ADDED from src\main\AndroidManifest.xml:355:17-61
	android:name
		ADDED from src\main\AndroidManifest.xml:353:19-55
activity#com.example.android.apis.app.FragmentContextMenu
ADDED from src\main\AndroidManifest.xml:363:9-370:20
	android:enabled
		ADDED from src\main\AndroidManifest.xml:365:17-57
	android:label
		ADDED from src\main\AndroidManifest.xml:364:17-62
	android:name
		ADDED from src\main\AndroidManifest.xml:363:19-58
activity#com.example.android.apis.app.FragmentDialog
ADDED from src\main\AndroidManifest.xml:372:9-379:20
	android:enabled
		ADDED from src\main\AndroidManifest.xml:374:17-57
	android:label
		ADDED from src\main\AndroidManifest.xml:373:17-56
	android:name
		ADDED from src\main\AndroidManifest.xml:372:19-53
activity#com.example.android.apis.app.FragmentDialogOrActivity
ADDED from src\main\AndroidManifest.xml:381:9-388:20
	android:enabled
		ADDED from src\main\AndroidManifest.xml:383:17-57
	android:label
		ADDED from src\main\AndroidManifest.xml:382:17-68
	android:name
		ADDED from src\main\AndroidManifest.xml:381:19-63
activity#com.example.android.apis.app.FragmentLayout
ADDED from src\main\AndroidManifest.xml:390:9-397:20
	android:enabled
		ADDED from src\main\AndroidManifest.xml:392:17-57
	android:label
		ADDED from src\main\AndroidManifest.xml:391:17-56
	android:name
		ADDED from src\main\AndroidManifest.xml:390:19-53
activity#com.example.android.apis.app.FragmentLayout$DetailsActivity
ADDED from src\main\AndroidManifest.xml:399:9-400:60
	android:enabled
		ADDED from src\main\AndroidManifest.xml:400:17-57
	android:name
		ADDED from src\main\AndroidManifest.xml:399:19-69
activity#com.example.android.apis.app.FragmentListArray
ADDED from src\main\AndroidManifest.xml:402:9-409:20
	android:enabled
		ADDED from src\main\AndroidManifest.xml:404:17-57
	android:label
		ADDED from src\main\AndroidManifest.xml:403:17-60
	android:name
		ADDED from src\main\AndroidManifest.xml:402:19-56
activity#com.example.android.apis.app.FragmentMenu
ADDED from src\main\AndroidManifest.xml:411:9-418:20
	android:enabled
		ADDED from src\main\AndroidManifest.xml:413:17-57
	android:label
		ADDED from src\main\AndroidManifest.xml:412:17-54
	android:name
		ADDED from src\main\AndroidManifest.xml:411:19-51
activity#com.example.android.apis.app.FragmentNestingTabs
ADDED from src\main\AndroidManifest.xml:420:9-427:20
	android:enabled
		ADDED from src\main\AndroidManifest.xml:422:17-60
	android:label
		ADDED from src\main\AndroidManifest.xml:421:17-62
	android:name
		ADDED from src\main\AndroidManifest.xml:420:19-58
activity#com.example.android.apis.app.FragmentRetainInstance
ADDED from src\main\AndroidManifest.xml:429:9-436:20
	android:enabled
		ADDED from src\main\AndroidManifest.xml:431:17-57
	android:label
		ADDED from src\main\AndroidManifest.xml:430:17-65
	android:name
		ADDED from src\main\AndroidManifest.xml:429:19-61
activity#com.example.android.apis.app.FragmentReceiveResult
ADDED from src\main\AndroidManifest.xml:438:9-445:20
	android:enabled
		ADDED from src\main\AndroidManifest.xml:440:17-57
	android:label
		ADDED from src\main\AndroidManifest.xml:439:17-64
	android:name
		ADDED from src\main\AndroidManifest.xml:438:19-60
activity#com.example.android.apis.app.FragmentStack
ADDED from src\main\AndroidManifest.xml:447:9-454:20
	android:enabled
		ADDED from src\main\AndroidManifest.xml:449:17-57
	android:label
		ADDED from src\main\AndroidManifest.xml:448:17-55
	android:name
		ADDED from src\main\AndroidManifest.xml:447:19-52
activity#com.example.android.apis.app.FragmentTabs
ADDED from src\main\AndroidManifest.xml:456:9-463:20
	android:enabled
		ADDED from src\main\AndroidManifest.xml:458:17-57
	android:label
		ADDED from src\main\AndroidManifest.xml:457:17-54
	android:name
		ADDED from src\main\AndroidManifest.xml:456:19-51
activity#com.example.android.apis.app.LoaderCursor
ADDED from src\main\AndroidManifest.xml:467:9-474:20
	android:enabled
		ADDED from src\main\AndroidManifest.xml:469:17-57
	android:label
		ADDED from src\main\AndroidManifest.xml:468:17-54
	android:name
		ADDED from src\main\AndroidManifest.xml:467:19-51
activity#com.example.android.apis.app.LoaderCustom
ADDED from src\main\AndroidManifest.xml:476:9-483:20
	android:enabled
		ADDED from src\main\AndroidManifest.xml:478:17-57
	android:label
		ADDED from src\main\AndroidManifest.xml:477:17-54
	android:name
		ADDED from src\main\AndroidManifest.xml:476:19-51
activity#com.example.android.apis.app.LoaderThrottle
ADDED from src\main\AndroidManifest.xml:486:9-493:20
	android:enabled
		ADDED from src\main\AndroidManifest.xml:488:17-57
	android:label
		ADDED from src\main\AndroidManifest.xml:487:17-56
	android:name
		ADDED from src\main\AndroidManifest.xml:486:19-53
provider#com.example.android.apis.app.LoaderThrottle$SimpleProvider
ADDED from src\main\AndroidManifest.xml:494:9-496:62
	android:authorities
		ADDED from src\main\AndroidManifest.xml:495:19-84
	android:enabled
		ADDED from src\main\AndroidManifest.xml:496:19-59
	android:name
		ADDED from src\main\AndroidManifest.xml:494:19-68
activity#com.example.android.apis.app.LoaderRetained
ADDED from src\main\AndroidManifest.xml:499:9-506:20
	android:enabled
		ADDED from src\main\AndroidManifest.xml:501:17-57
	android:label
		ADDED from src\main\AndroidManifest.xml:500:17-56
	android:name
		ADDED from src\main\AndroidManifest.xml:499:19-53
activity#com.example.android.apis.app.Intents
ADDED from src\main\AndroidManifest.xml:510:9-515:20
	android:label
		ADDED from src\main\AndroidManifest.xml:510:47-87
	android:name
		ADDED from src\main\AndroidManifest.xml:510:19-46
activity#com.example.android.apis.app.IntentActivityFlags
ADDED from src\main\AndroidManifest.xml:517:9-523:20
	android:label
		ADDED from src\main\AndroidManifest.xml:518:17-71
	android:name
		ADDED from src\main\AndroidManifest.xml:517:19-58
service#com.example.android.apis.app.LocalService
ADDED from src\main\AndroidManifest.xml:527:9-81
	android:stopWithTask
		ADDED from src\main\AndroidManifest.xml:527:51-78
	android:name
		ADDED from src\main\AndroidManifest.xml:527:18-50
activity#com.example.android.apis.app.LocalServiceActivities$Controller
ADDED from src\main\AndroidManifest.xml:529:9-536:20
	android:label
		ADDED from src\main\AndroidManifest.xml:530:17-74
	android:launchMode
		ADDED from src\main\AndroidManifest.xml:531:17-47
	android:name
		ADDED from src\main\AndroidManifest.xml:529:19-72
activity#com.example.android.apis.app.LocalServiceActivities$Binding
ADDED from src\main\AndroidManifest.xml:538:9-544:20
	android:label
		ADDED from src\main\AndroidManifest.xml:539:17-71
	android:name
		ADDED from src\main\AndroidManifest.xml:538:19-69
service#com.example.android.apis.app.MessengerService
ADDED from src\main\AndroidManifest.xml:547:9-548:45
	android:process
		ADDED from src\main\AndroidManifest.xml:548:17-42
	android:name
		ADDED from src\main\AndroidManifest.xml:547:18-54
activity#com.example.android.apis.app.MessengerServiceActivities$Binding
ADDED from src\main\AndroidManifest.xml:551:9-557:20
	android:label
		ADDED from src\main\AndroidManifest.xml:552:17-75
	android:name
		ADDED from src\main\AndroidManifest.xml:551:19-73
service#com.example.android.apis.app.RemoteService
ADDED from src\main\AndroidManifest.xml:559:9-80
	android:process
		ADDED from src\main\AndroidManifest.xml:559:52-77
	android:name
		ADDED from src\main\AndroidManifest.xml:559:18-51
activity#com.example.android.apis.app.RemoteService$Controller
ADDED from src\main\AndroidManifest.xml:561:9-568:20
	android:label
		ADDED from src\main\AndroidManifest.xml:562:17-75
	android:launchMode
		ADDED from src\main\AndroidManifest.xml:563:17-47
	android:name
		ADDED from src\main\AndroidManifest.xml:561:19-63
activity#com.example.android.apis.app.RemoteService$Binding
ADDED from src\main\AndroidManifest.xml:570:9-576:20
	android:label
		ADDED from src\main\AndroidManifest.xml:571:17-72
	android:name
		ADDED from src\main\AndroidManifest.xml:570:19-60
activity#com.example.android.apis.app.RemoteService$BindingOptions
ADDED from src\main\AndroidManifest.xml:578:9-584:20
	android:label
		ADDED from src\main\AndroidManifest.xml:579:17-80
	android:name
		ADDED from src\main\AndroidManifest.xml:578:19-67
service#com.example.android.apis.app.ServiceStartArguments
ADDED from src\main\AndroidManifest.xml:586:9-62
	android:name
		ADDED from src\main\AndroidManifest.xml:586:18-59
activity#com.example.android.apis.app.ServiceStartArguments$Controller
ADDED from src\main\AndroidManifest.xml:588:9-595:20
	android:label
		ADDED from src\main\AndroidManifest.xml:589:17-84
	android:launchMode
		ADDED from src\main\AndroidManifest.xml:590:17-47
	android:name
		ADDED from src\main\AndroidManifest.xml:588:19-71
service#com.example.android.apis.app.ForegroundService
ADDED from src\main\AndroidManifest.xml:597:9-58
	android:name
		ADDED from src\main\AndroidManifest.xml:597:18-55
service#com.example.android.apis.app.ForegroundService2
ADDED from src\main\AndroidManifest.xml:598:9-59
	android:name
		ADDED from src\main\AndroidManifest.xml:598:18-56
activity#com.example.android.apis.app.ForegroundService$Controller
ADDED from src\main\AndroidManifest.xml:600:9-607:20
	android:label
		ADDED from src\main\AndroidManifest.xml:601:17-79
	android:launchMode
		ADDED from src\main\AndroidManifest.xml:602:17-47
	android:name
		ADDED from src\main\AndroidManifest.xml:600:19-67
activity#com.example.android.apis.app.IsolatedService$Controller
ADDED from src\main\AndroidManifest.xml:609:9-617:20
	android:enabled
		ADDED from src\main\AndroidManifest.xml:612:17-57
	android:label
		ADDED from src\main\AndroidManifest.xml:610:17-77
	android:launchMode
		ADDED from src\main\AndroidManifest.xml:611:17-47
	android:name
		ADDED from src\main\AndroidManifest.xml:609:19-65
service#com.example.android.apis.app.IsolatedService
ADDED from src\main\AndroidManifest.xml:619:9-620:60
	android:enabled
		ADDED from src\main\AndroidManifest.xml:620:17-57
	android:isolatedProcess
		ADDED from src\main\AndroidManifest.xml:619:54-84
	android:name
		ADDED from src\main\AndroidManifest.xml:619:18-53
service#com.example.android.apis.app.IsolatedService2
ADDED from src\main\AndroidManifest.xml:621:9-622:60
	android:enabled
		ADDED from src\main\AndroidManifest.xml:622:17-57
	android:isolatedProcess
		ADDED from src\main\AndroidManifest.xml:621:55-85
	android:name
		ADDED from src\main\AndroidManifest.xml:621:18-54
receiver#com.example.android.apis.app.OneShotAlarm
ADDED from src\main\AndroidManifest.xml:626:9-80
	android:process
		ADDED from src\main\AndroidManifest.xml:626:52-77
	android:name
		ADDED from src\main\AndroidManifest.xml:626:19-51
receiver#com.example.android.apis.app.RepeatingAlarm
ADDED from src\main\AndroidManifest.xml:628:9-82
	android:process
		ADDED from src\main\AndroidManifest.xml:628:54-79
	android:name
		ADDED from src\main\AndroidManifest.xml:628:19-53
activity#com.example.android.apis.app.AlarmController
ADDED from src\main\AndroidManifest.xml:630:9-635:20
	android:label
		ADDED from src\main\AndroidManifest.xml:630:55-104
	android:name
		ADDED from src\main\AndroidManifest.xml:630:19-54
service#com.example.android.apis.app.AlarmService_Service
ADDED from src\main\AndroidManifest.xml:637:9-87
	android:process
		ADDED from src\main\AndroidManifest.xml:637:59-84
	android:name
		ADDED from src\main\AndroidManifest.xml:637:18-58
activity#com.example.android.apis.app.AlarmService
ADDED from src\main\AndroidManifest.xml:639:9-644:20
	android:label
		ADDED from src\main\AndroidManifest.xml:639:52-98
	android:name
		ADDED from src\main\AndroidManifest.xml:639:19-51
receiver#com.example.android.apis.app.DoNothing
ADDED from src\main\AndroidManifest.xml:648:9-649:68
	android:process
		ADDED from src\main\AndroidManifest.xml:649:17-41
	android:exported
		ADDED from src\main\AndroidManifest.xml:649:42-65
	android:name
		ADDED from src\main\AndroidManifest.xml:648:19-48
activity#com.example.android.apis.accessibility.ClockBackActivity
ADDED from src\main\AndroidManifest.xml:655:9-661:20
	android:label
		ADDED from src\main\AndroidManifest.xml:656:13-58
	android:name
		ADDED from src\main\AndroidManifest.xml:655:19-66
service#com.example.android.apis.accessibility.ClockBackService
ADDED from src\main\AndroidManifest.xml:663:9-669:19
	android:label
		ADDED from src\main\AndroidManifest.xml:664:13-64
	android:permission
		ADDED from src\main\AndroidManifest.xml:665:13-79
	android:name
		ADDED from src\main\AndroidManifest.xml:663:18-64
intent-filter#android.accessibilityservice.AccessibilityService
ADDED from src\main\AndroidManifest.xml:666:13-668:29
action#android.accessibilityservice.AccessibilityService
ADDED from src\main\AndroidManifest.xml:667:17-92
	android:name
		ADDED from src\main\AndroidManifest.xml:667:25-89
service#com.example.android.apis.accessibility.MagnificationService
ADDED from src\main\AndroidManifest.xml:671:9-679:19
	android:label
		ADDED from src\main\AndroidManifest.xml:672:18-69
	android:permission
		ADDED from src\main\AndroidManifest.xml:673:18-84
	android:name